#
# A fatal error has been detected by the Java Runtime Environment:
#
#  Internal Error (classFileParser.cpp:3494), pid=5600, tid=4836
#  Error: ShouldNotReachHere()
#
# JRE version: 6.0_32-b05
# Java VM: Java HotSpot(TM) Client VM (20.7-b02 mixed mode windows-x86 )
# If you would like to submit a bug report, please visit:
#   http://java.sun.com/webapps/bugreport/crash.jsp
#

---------------  T H R E A D  ---------------

Current thread (0x000c9400):  JavaThread "Unknown thread" [_thread_in_vm, id=4836, stack(0x00240000,0x00290000)]

Stack: [0x00240000,0x00290000],  sp=0x0028f86c,  free space=318k
Native frames: (J=compiled Java code, j=interpreted, Vv=VM code, C=native code)
V  [jvm.dll+0x13373a]
V  [jvm.dll+0x12e6db]
V  [jvm.dll+0x163ae]
V  [jvm.dll+0x17bdf]
V  [jvm.dll+0x26cc5]
V  [jvm.dll+0x27506]
V  [jvm.dll+0x278b5]
V  [jvm.dll+0x27949]
V  [jvm.dll+0x27a0c]
V  [jvm.dll+0x27a8a]
V  [jvm.dll+0x27b6d]
V  [jvm.dll+0x27e39]
V  [jvm.dll+0x6c483]
V  [jvm.dll+0x6c85c]
V  [jvm.dll+0xf9c5c]
V  [jvm.dll+0x11861b]
V  [jvm.dll+0x9ec20]
C  [javaw.exe+0x1657]
C  [javaw.exe+0x1e2c]
C  [javaw.exe+0x8614]
C  [kernel32.dll+0x51154]  BaseThreadInitThunk+0x12
C  [ntdll.dll+0x5b299]  RtlInitializeExceptionChain+0x63
C  [ntdll.dll+0x5b26c]  RtlInitializeExceptionChain+0x36


---------------  P R O C E S S  ---------------

Java Threads: ( => current thread )

Other Threads:

=>0x000c9400 (exited) JavaThread "Unknown thread" [_thread_in_vm, id=4836, stack(0x00240000,0x00290000)]

VM state:not at safepoint (not fully initialized)

VM Mutex/Monitor currently owned by a thread: None

Dynamic libraries:
0x00400000 - 0x00425000 	C:\Program Files\Java\jre6\bin\javaw.exe
0x77350000 - 0x7748c000 	C:\Windows\SYSTEM32\ntdll.dll
0x76950000 - 0x76a24000 	C:\Windows\system32\kernel32.dll
0x756e0000 - 0x7572b000 	C:\Windows\system32\KERNELBASE.dll
0x76a70000 - 0x76b10000 	C:\Windows\system32\ADVAPI32.dll
0x768a0000 - 0x7694c000 	C:\Windows\system32\msvcrt.dll
0x774a0000 - 0x774b9000 	C:\Windows\SYSTEM32\sechost.dll
0x76e20000 - 0x76ec1000 	C:\Windows\system32\RPCRT4.dll
0x76c30000 - 0x76cf9000 	C:\Windows\system32\USER32.dll
0x75840000 - 0x7588e000 	C:\Windows\system32\GDI32.dll
0x75a80000 - 0x75a8a000 	C:\Windows\system32\LPK.dll
0x76d20000 - 0x76dbd000 	C:\Windows\system32\USP10.dll
0x76d00000 - 0x76d1f000 	C:\Windows\system32\IMM32.DLL
0x75a90000 - 0x75b5c000 	C:\Windows\system32\MSCTF.dll
0x7c340000 - 0x7c396000 	C:\Program Files\Java\jre6\bin\msvcr71.dll
0x6d7f0000 - 0x6da9f000 	C:\Program Files\Java\jre6\bin\client\jvm.dll
0x72560000 - 0x72592000 	C:\Windows\system32\WINMM.dll
0x75410000 - 0x7545b000 	C:\Windows\system32\apphelp.dll
0x6d7a0000 - 0x6d7ac000 	C:\Program Files\Java\jre6\bin\verify.dll
0x6d320000 - 0x6d33f000 	C:\Program Files\Java\jre6\bin\java.dll
0x6d7e0000 - 0x6d7ef000 	C:\Program Files\Java\jre6\bin\zip.dll
0x76800000 - 0x76805000 	C:\Windows\system32\PSAPI.DLL

VM Arguments:
jvm_args: -Dfile.encoding=Cp1252 -Xbootclasspath:D:\ANDROID SDK\android-sdk-windows\platforms\android-7\android.jar 
java_command: com.shoebox.android.locatii.DbGenerator
Launcher Type: SUN_STANDARD

Environment Variables:
PATH=C:/Program Files/Java/jre7/bin/client;C:/Program Files/Java/jre7/bin;C:/Program Files/Java/jre7/lib/i386;C:\Windows\system32;C:\Windows;C:\Windows\System32\Wbem;C:\Windows\System32\WindowsPowerShell\v1.0\; C:\Program Files\Research In Motion\BlackBerry WebWorks SDK for TabletOS 2.2.0.5\bbwp;C:\Program Files\7-Zip;C:\Program Files\Research In Motion\BlackBerry WebWorks SDK for TabletOS 2.2.0.5\bbwp\blackberry-tablet-sdk;C:\Program Files\Research In Motion\BlackBerry WebWorks SDK for TabletOS 2.2.0.5\bbwp;C:\Program Files\7-Zip;C:\Program Files\Research In Motion\BlackBerry WebWorks SDK for TabletOS 2.2.0.5\bbwp\blackberry-tablet-sdk;c:\Program Files\Microsoft SQL Server\100\Tools\Binn\;c:\Program Files\Microsoft SQL Server\100\DTS\Binn\;c:\matlab6p5\bin\win32;C:\Program Files\MiKTeX 2.9\miktex\bin\;D:\From Alin\to_magda\eclipse;
USERNAME=magda
OS=Windows_NT
PROCESSOR_IDENTIFIER=x86 Family 6 Model 15 Stepping 13, GenuineIntel



---------------  S Y S T E M  ---------------

OS: Windows 7 Build 7600 

CPU:total 2 (2 cores per cpu, 1 threads per core) family 6 model 15 stepping 13, cmov, cx8, fxsr, mmx, sse, sse2, sse3, ssse3

Memory: 4k page, physical 2088184k(371520k free), swap 4176368k(1656208k free)

vm_info: Java HotSpot(TM) Client VM (20.7-b02) for windows-x86 JRE (1.6.0_32-b05), built on Apr  5 2012 13:50:34 by "java_re" with MS VC++ 7.1 (VS2003)

time: Tue Nov 27 21:40:02 2012
elapsed time: 0 seconds

